<?xml version="1.0" encoding="UTF-8"?>
<testng-results ignored="0" total="3" passed="3" failed="0" skipped="0">
  <reporter-output>
  </reporter-output>
  <suite started-at="2024-05-04T08:37:14Z" name="Suite" finished-at="2024-05-04T08:37:27Z" duration-ms="12594">
    <groups>
    </groups>
    <test started-at="2024-05-04T08:37:14Z" name="Test3" finished-at="2024-05-04T08:37:21Z" duration-ms="6659">
      <class name="testNG.CrossBrowser">
        <test-method signature="googleTest(java.lang.String)[pri:0, instance:testNG.CrossBrowser@1c93f6e1]" started-at="2024-05-04T08:37:14Z" name="googleTest" finished-at="2024-05-04T08:37:21Z" duration-ms="6610" status="PASS">
          <params>
            <param index="0">
              <value>
                <![CDATA[edge]]>
              </value>
            </param>
          </params>
          <reporter-output>
          </reporter-output>
        </test-method> <!-- googleTest -->
      </class> <!-- testNG.CrossBrowser -->
    </test> <!-- Test3 -->
    <test started-at="2024-05-04T08:37:14Z" name="Test1" finished-at="2024-05-04T08:37:22Z" duration-ms="7604">
      <class name="testNG.CrossBrowser">
        <test-method signature="googleTest(java.lang.String)[pri:0, instance:testNG.CrossBrowser@1fa1cab1]" started-at="2024-05-04T08:37:14Z" name="googleTest" finished-at="2024-05-04T08:37:22Z" duration-ms="7567" status="PASS">
          <params>
            <param index="0">
              <value>
                <![CDATA[chrome]]>
              </value>
            </param>
          </params>
          <reporter-output>
          </reporter-output>
        </test-method> <!-- googleTest -->
      </class> <!-- testNG.CrossBrowser -->
    </test> <!-- Test1 -->
    <test started-at="2024-05-04T08:37:14Z" name="Test2" finished-at="2024-05-04T08:37:27Z" duration-ms="12594">
      <class name="testNG.CrossBrowser">
        <test-method signature="googleTest(java.lang.String)[pri:0, instance:testNG.CrossBrowser@7a362b6b]" started-at="2024-05-04T08:37:14Z" name="googleTest" finished-at="2024-05-04T08:37:27Z" duration-ms="12557" status="PASS">
          <params>
            <param index="0">
              <value>
                <![CDATA[firefox]]>
              </value>
            </param>
          </params>
          <reporter-output>
          </reporter-output>
        </test-method> <!-- googleTest -->
      </class> <!-- testNG.CrossBrowser -->
    </test> <!-- Test2 -->
  </suite> <!-- Suite -->
</testng-results>
